<?xml version="1.0" encoding="UTF-8"?>
<!-- Generated by org.testng.reporters.JUnitReportReporter -->
<testsuite skipped="0" hostname="dell" name="pck1.Test1" tests="1" failures="0" timestamp="21 Jan 2019 09:33:37 GMT" time="11.047" errors="0">
  <testcase name="test1" time="11.047" classname="pck1.Test1"/>
</testsuite> <!-- pck1.Test1 -->
